{"/Users/damian/Web/NodeJS/Learning Campus/wacdonalds-server/app.js": {"path":"/Users/damian/Web/NodeJS/Learning Campus/wacdonalds-server/app.js","statementMap":{"0":{"start":{"line":1,"column":16},"end":{"line":1,"column":34}},"1":{"start":{"line":2,"column":12},"end":{"line":2,"column":21}},"2":{"start":{"line":3,"column":13},"end":{"line":3,"column":28}},"3":{"start":{"line":4,"column":15},"end":{"line":4,"column":32}},"4":{"start":{"line":5,"column":18},"end":{"line":5,"column":47}},"5":{"start":{"line":6,"column":21},"end":{"line":6,"column":41}},"6":{"start":{"line":8,"column":0},"end":{"line":8,"column":25}},"7":{"start":{"line":9,"column":0},"end":{"line":9,"column":23}},"8":{"start":{"line":10,"column":0},"end":{"line":13,"column":3}},"9":{"start":{"line":14,"column":0},"end":{"line":14,"column":17}},"10":{"start":{"line":15,"column":0},"end":{"line":15,"column":15}},"11":{"start":{"line":17,"column":0},"end":{"line":17,"column":63}},"12":{"start":{"line":18,"column":0},"end":{"line":18,"column":59}},"13":{"start":{"line":19,"column":0},"end":{"line":19,"column":57}},"14":{"start":{"line":20,"column":0},"end":{"line":20,"column":57}},"15":{"start":{"line":22,"column":0},"end":{"line":22,"column":17}},"16":{"start":{"line":24,"column":0},"end":{"line":24,"column":20}}},"fnMap":{},"branchMap":{},"s":{"0":4,"1":4,"2":4,"3":4,"4":4,"5":4,"6":4,"7":4,"8":4,"9":4,"10":4,"11":4,"12":4,"13":4,"14":4,"15":4,"16":4},"f":{},"b":{},"_coverageSchema":"1a1c01bbd47fc00a2c39e90264f33305004495a9","hash":"8003b59b437587f7904d35d4386bf68a0bd9b4f3"}
,"/Users/damian/Web/NodeJS/Learning Campus/wacdonalds-server/swagger.js": {"path":"/Users/damian/Web/NodeJS/Learning Campus/wacdonalds-server/swagger.js","statementMap":{"0":{"start":{"line":1,"column":18},"end":{"line":1,"column":47}},"1":{"start":{"line":2,"column":21},"end":{"line":2,"column":45}},"2":{"start":{"line":4,"column":13},"end":{"line":4,"column":29}},"3":{"start":{"line":5,"column":16},"end":{"line":32,"column":1}},"4":{"start":{"line":34,"column":20},"end":{"line":34,"column":41}},"5":{"start":{"line":36,"column":21},"end":{"line":38,"column":1}},"6":{"start":{"line":37,"column":4},"end":{"line":37,"column":70}},"7":{"start":{"line":40,"column":0},"end":{"line":40,"column":29}}},"fnMap":{"0":{"name":"(anonymous_0)","decl":{"start":{"line":36,"column":21},"end":{"line":36,"column":22}},"loc":{"start":{"line":36,"column":30},"end":{"line":38,"column":1}},"line":36}},"branchMap":{},"s":{"0":4,"1":4,"2":4,"3":4,"4":4,"5":4,"6":4,"7":4},"f":{"0":4},"b":{},"_coverageSchema":"1a1c01bbd47fc00a2c39e90264f33305004495a9","hash":"a8520db434a5a6dd643b1c5a4a1546a3c82e09da"}
,"/Users/damian/Web/NodeJS/Learning Campus/wacdonalds-server/controllers/menu.controller.js": {"path":"/Users/damian/Web/NodeJS/Learning Campus/wacdonalds-server/controllers/menu.controller.js","statementMap":{"0":{"start":{"line":1,"column":30},"end":{"line":1,"column":49}},"1":{"start":{"line":2,"column":14},"end":{"line":2,"column":45}},"2":{"start":{"line":4,"column":0},"end":{"line":12,"column":1}},"3":{"start":{"line":5,"column":4},"end":{"line":11,"column":5}},"4":{"start":{"line":6,"column":22},"end":{"line":6,"column":40}},"5":{"start":{"line":8,"column":8},"end":{"line":8,"column":35}},"6":{"start":{"line":10,"column":8},"end":{"line":10,"column":85}},"7":{"start":{"line":14,"column":0},"end":{"line":27,"column":1}},"8":{"start":{"line":15,"column":4},"end":{"line":26,"column":5}},"9":{"start":{"line":16,"column":19},"end":{"line":16,"column":32}},"10":{"start":{"line":18,"column":8},"end":{"line":19,"column":64}},"11":{"start":{"line":19,"column":12},"end":{"line":19,"column":64}},"12":{"start":{"line":21,"column":21},"end":{"line":21,"column":45}},"13":{"start":{"line":23,"column":8},"end":{"line":23,"column":34}},"14":{"start":{"line":25,"column":8},"end":{"line":25,"column":84}},"15":{"start":{"line":29,"column":0},"end":{"line":48,"column":1}},"16":{"start":{"line":30,"column":4},"end":{"line":47,"column":5}},"17":{"start":{"line":31,"column":48},"end":{"line":31,"column":56}},"18":{"start":{"line":33,"column":8},"end":{"line":34,"column":86}},"19":{"start":{"line":34,"column":12},"end":{"line":34,"column":86}},"20":{"start":{"line":36,"column":21},"end":{"line":40,"column":10}},"21":{"start":{"line":42,"column":26},"end":{"line":42,"column":43}},"22":{"start":{"line":44,"column":8},"end":{"line":44,"column":39}},"23":{"start":{"line":46,"column":8},"end":{"line":46,"column":82}},"24":{"start":{"line":50,"column":0},"end":{"line":74,"column":1}},"25":{"start":{"line":51,"column":4},"end":{"line":73,"column":5}},"26":{"start":{"line":52,"column":23},"end":{"line":52,"column":33}},"27":{"start":{"line":53,"column":48},"end":{"line":53,"column":56}},"28":{"start":{"line":54,"column":21},"end":{"line":54,"column":45}},"29":{"start":{"line":56,"column":8},"end":{"line":57,"column":65}},"30":{"start":{"line":57,"column":12},"end":{"line":57,"column":65}},"31":{"start":{"line":59,"column":8},"end":{"line":60,"column":28}},"32":{"start":{"line":60,"column":12},"end":{"line":60,"column":28}},"33":{"start":{"line":62,"column":8},"end":{"line":63,"column":42}},"34":{"start":{"line":63,"column":12},"end":{"line":63,"column":42}},"35":{"start":{"line":65,"column":8},"end":{"line":66,"column":36}},"36":{"start":{"line":66,"column":12},"end":{"line":66,"column":36}},"37":{"start":{"line":68,"column":25},"end":{"line":68,"column":42}},"38":{"start":{"line":70,"column":8},"end":{"line":70,"column":38}},"39":{"start":{"line":72,"column":8},"end":{"line":72,"column":80}},"40":{"start":{"line":76,"column":0},"end":{"line":90,"column":1}},"41":{"start":{"line":77,"column":4},"end":{"line":89,"column":5}},"42":{"start":{"line":78,"column":23},"end":{"line":78,"column":33}},"43":{"start":{"line":79,"column":21},"end":{"line":79,"column":45}},"44":{"start":{"line":81,"column":8},"end":{"line":82,"column":65}},"45":{"start":{"line":82,"column":12},"end":{"line":82,"column":65}},"46":{"start":{"line":84,"column":8},"end":{"line":84,"column":30}},"47":{"start":{"line":86,"column":8},"end":{"line":86,"column":55}},"48":{"start":{"line":88,"column":8},"end":{"line":88,"column":82}}},"fnMap":{"0":{"name":"(anonymous_0)","decl":{"start":{"line":4,"column":19},"end":{"line":4,"column":20}},"loc":{"start":{"line":4,"column":39},"end":{"line":12,"column":1}},"line":4},"1":{"name":"(anonymous_1)","decl":{"start":{"line":14,"column":18},"end":{"line":14,"column":19}},"loc":{"start":{"line":14,"column":38},"end":{"line":27,"column":1}},"line":14},"2":{"name":"(anonymous_2)","decl":{"start":{"line":29,"column":21},"end":{"line":29,"column":22}},"loc":{"start":{"line":29,"column":41},"end":{"line":48,"column":1}},"line":29},"3":{"name":"(anonymous_3)","decl":{"start":{"line":50,"column":19},"end":{"line":50,"column":20}},"loc":{"start":{"line":50,"column":39},"end":{"line":74,"column":1}},"line":50},"4":{"name":"(anonymous_4)","decl":{"start":{"line":76,"column":21},"end":{"line":76,"column":22}},"loc":{"start":{"line":76,"column":41},"end":{"line":90,"column":1}},"line":76}},"branchMap":{"0":{"loc":{"start":{"line":18,"column":8},"end":{"line":19,"column":64}},"type":"if","locations":[{"start":{"line":18,"column":8},"end":{"line":19,"column":64}},{"start":{},"end":{}}],"line":18},"1":{"loc":{"start":{"line":33,"column":8},"end":{"line":34,"column":86}},"type":"if","locations":[{"start":{"line":33,"column":8},"end":{"line":34,"column":86}},{"start":{},"end":{}}],"line":33},"2":{"loc":{"start":{"line":33,"column":11},"end":{"line":33,"column":45}},"type":"binary-expr","locations":[{"start":{"line":33,"column":11},"end":{"line":33,"column":16}},{"start":{"line":33,"column":20},"end":{"line":33,"column":32}},{"start":{"line":33,"column":36},"end":{"line":33,"column":45}}],"line":33},"3":{"loc":{"start":{"line":56,"column":8},"end":{"line":57,"column":65}},"type":"if","locations":[{"start":{"line":56,"column":8},"end":{"line":57,"column":65}},{"start":{},"end":{}}],"line":56},"4":{"loc":{"start":{"line":59,"column":8},"end":{"line":60,"column":28}},"type":"if","locations":[{"start":{"line":59,"column":8},"end":{"line":60,"column":28}},{"start":{},"end":{}}],"line":59},"5":{"loc":{"start":{"line":62,"column":8},"end":{"line":63,"column":42}},"type":"if","locations":[{"start":{"line":62,"column":8},"end":{"line":63,"column":42}},{"start":{},"end":{}}],"line":62},"6":{"loc":{"start":{"line":65,"column":8},"end":{"line":66,"column":36}},"type":"if","locations":[{"start":{"line":65,"column":8},"end":{"line":66,"column":36}},{"start":{},"end":{}}],"line":65},"7":{"loc":{"start":{"line":81,"column":8},"end":{"line":82,"column":65}},"type":"if","locations":[{"start":{"line":81,"column":8},"end":{"line":82,"column":65}},{"start":{},"end":{}}],"line":81}},"s":{"0":4,"1":4,"2":4,"3":2,"4":2,"5":1,"6":1,"7":4,"8":3,"9":3,"10":3,"11":1,"12":2,"13":1,"14":1,"15":4,"16":3,"17":3,"18":3,"19":1,"20":2,"21":2,"22":1,"23":1,"24":4,"25":3,"26":3,"27":3,"28":3,"29":3,"30":1,"31":2,"32":2,"33":2,"34":2,"35":2,"36":2,"37":2,"38":1,"39":1,"40":4,"41":3,"42":3,"43":3,"44":3,"45":1,"46":2,"47":1,"48":1},"f":{"0":2,"1":3,"2":3,"3":3,"4":3},"b":{"0":[1,2],"1":[1,2],"2":[3,2,2],"3":[1,2],"4":[2,0],"5":[2,0],"6":[2,0],"7":[1,2]},"_coverageSchema":"1a1c01bbd47fc00a2c39e90264f33305004495a9","hash":"2885e8b5619fe778d51e85dc019a351b627b9f7c"}
,"/Users/damian/Web/NodeJS/Learning Campus/wacdonalds-server/controllers/order.controller.js": {"path":"/Users/damian/Web/NodeJS/Learning Campus/wacdonalds-server/controllers/order.controller.js","statementMap":{"0":{"start":{"line":1,"column":30},"end":{"line":1,"column":49}},"1":{"start":{"line":2,"column":15},"end":{"line":2,"column":47}},"2":{"start":{"line":3,"column":21},"end":{"line":3,"column":58}},"3":{"start":{"line":5,"column":0},"end":{"line":21,"column":1}},"4":{"start":{"line":6,"column":4},"end":{"line":20,"column":5}},"5":{"start":{"line":7,"column":25},"end":{"line":7,"column":38}},"6":{"start":{"line":8,"column":21},"end":{"line":8,"column":23}},"7":{"start":{"line":10,"column":8},"end":{"line":13,"column":66}},"8":{"start":{"line":11,"column":12},"end":{"line":11,"column":38}},"9":{"start":{"line":12,"column":13},"end":{"line":13,"column":66}},"10":{"start":{"line":13,"column":12},"end":{"line":13,"column":66}},"11":{"start":{"line":15,"column":23},"end":{"line":15,"column":48}},"12":{"start":{"line":17,"column":8},"end":{"line":17,"column":36}},"13":{"start":{"line":19,"column":8},"end":{"line":19,"column":86}},"14":{"start":{"line":23,"column":0},"end":{"line":36,"column":1}},"15":{"start":{"line":24,"column":4},"end":{"line":35,"column":5}},"16":{"start":{"line":25,"column":19},"end":{"line":25,"column":32}},"17":{"start":{"line":27,"column":8},"end":{"line":28,"column":64}},"18":{"start":{"line":28,"column":12},"end":{"line":28,"column":64}},"19":{"start":{"line":30,"column":22},"end":{"line":30,"column":47}},"20":{"start":{"line":32,"column":8},"end":{"line":32,"column":35}},"21":{"start":{"line":34,"column":8},"end":{"line":34,"column":85}},"22":{"start":{"line":38,"column":0},"end":{"line":83,"column":1}},"23":{"start":{"line":39,"column":4},"end":{"line":82,"column":5}},"24":{"start":{"line":40,"column":33},"end":{"line":40,"column":41}},"25":{"start":{"line":42,"column":8},"end":{"line":43,"column":86}},"26":{"start":{"line":43,"column":12},"end":{"line":43,"column":86}},"27":{"start":{"line":45,"column":30},"end":{"line":45,"column":32}},"28":{"start":{"line":47,"column":8},"end":{"line":58,"column":13}},"29":{"start":{"line":48,"column":12},"end":{"line":58,"column":13}},"30":{"start":{"line":49,"column":30},"end":{"line":53,"column":18}},"31":{"start":{"line":55,"column":39},"end":{"line":55,"column":61}},"32":{"start":{"line":57,"column":16},"end":{"line":57,"column":54}},"33":{"start":{"line":60,"column":8},"end":{"line":71,"column":13}},"34":{"start":{"line":61,"column":12},"end":{"line":71,"column":13}},"35":{"start":{"line":62,"column":30},"end":{"line":66,"column":18}},"36":{"start":{"line":68,"column":39},"end":{"line":68,"column":61}},"37":{"start":{"line":70,"column":16},"end":{"line":70,"column":54}},"38":{"start":{"line":73,"column":22},"end":{"line":75,"column":10}},"39":{"start":{"line":77,"column":27},"end":{"line":77,"column":45}},"40":{"start":{"line":79,"column":8},"end":{"line":79,"column":40}},"41":{"start":{"line":81,"column":8},"end":{"line":81,"column":83}},"42":{"start":{"line":85,"column":0},"end":{"line":102,"column":1}},"43":{"start":{"line":86,"column":4},"end":{"line":101,"column":5}},"44":{"start":{"line":87,"column":19},"end":{"line":87,"column":32}},"45":{"start":{"line":89,"column":8},"end":{"line":90,"column":64}},"46":{"start":{"line":90,"column":12},"end":{"line":90,"column":64}},"47":{"start":{"line":92,"column":22},"end":{"line":92,"column":47}},"48":{"start":{"line":94,"column":8},"end":{"line":94,"column":33}},"49":{"start":{"line":96,"column":26},"end":{"line":96,"column":44}},"50":{"start":{"line":98,"column":8},"end":{"line":98,"column":39}},"51":{"start":{"line":100,"column":8},"end":{"line":100,"column":86}},"52":{"start":{"line":104,"column":0},"end":{"line":121,"column":1}},"53":{"start":{"line":105,"column":4},"end":{"line":120,"column":5}},"54":{"start":{"line":106,"column":19},"end":{"line":106,"column":32}},"55":{"start":{"line":108,"column":8},"end":{"line":109,"column":64}},"56":{"start":{"line":109,"column":12},"end":{"line":109,"column":64}},"57":{"start":{"line":111,"column":22},"end":{"line":111,"column":47}},"58":{"start":{"line":113,"column":8},"end":{"line":113,"column":33}},"59":{"start":{"line":115,"column":26},"end":{"line":115,"column":44}},"60":{"start":{"line":117,"column":8},"end":{"line":117,"column":39}},"61":{"start":{"line":119,"column":8},"end":{"line":119,"column":86}},"62":{"start":{"line":123,"column":0},"end":{"line":140,"column":1}},"63":{"start":{"line":124,"column":4},"end":{"line":139,"column":5}},"64":{"start":{"line":125,"column":19},"end":{"line":125,"column":32}},"65":{"start":{"line":127,"column":8},"end":{"line":128,"column":64}},"66":{"start":{"line":128,"column":12},"end":{"line":128,"column":64}},"67":{"start":{"line":130,"column":22},"end":{"line":130,"column":47}},"68":{"start":{"line":132,"column":8},"end":{"line":132,"column":33}},"69":{"start":{"line":134,"column":26},"end":{"line":134,"column":44}},"70":{"start":{"line":136,"column":8},"end":{"line":136,"column":39}},"71":{"start":{"line":138,"column":8},"end":{"line":138,"column":87}}},"fnMap":{"0":{"name":"(anonymous_0)","decl":{"start":{"line":5,"column":20},"end":{"line":5,"column":21}},"loc":{"start":{"line":5,"column":40},"end":{"line":21,"column":1}},"line":5},"1":{"name":"(anonymous_1)","decl":{"start":{"line":23,"column":19},"end":{"line":23,"column":20}},"loc":{"start":{"line":23,"column":39},"end":{"line":36,"column":1}},"line":23},"2":{"name":"(anonymous_2)","decl":{"start":{"line":38,"column":22},"end":{"line":38,"column":23}},"loc":{"start":{"line":38,"column":42},"end":{"line":83,"column":1}},"line":38},"3":{"name":"(anonymous_3)","decl":{"start":{"line":85,"column":22},"end":{"line":85,"column":23}},"loc":{"start":{"line":85,"column":42},"end":{"line":102,"column":1}},"line":85},"4":{"name":"(anonymous_4)","decl":{"start":{"line":104,"column":23},"end":{"line":104,"column":24}},"loc":{"start":{"line":104,"column":43},"end":{"line":121,"column":1}},"line":104},"5":{"name":"(anonymous_5)","decl":{"start":{"line":123,"column":23},"end":{"line":123,"column":24}},"loc":{"start":{"line":123,"column":43},"end":{"line":140,"column":1}},"line":123}},"branchMap":{"0":{"loc":{"start":{"line":10,"column":8},"end":{"line":13,"column":66}},"type":"if","locations":[{"start":{"line":10,"column":8},"end":{"line":13,"column":66}},{"start":{"line":12,"column":13},"end":{"line":13,"column":66}}],"line":10},"1":{"loc":{"start":{"line":12,"column":13},"end":{"line":13,"column":66}},"type":"if","locations":[{"start":{"line":12,"column":13},"end":{"line":13,"column":66}},{"start":{},"end":{}}],"line":12},"2":{"loc":{"start":{"line":27,"column":8},"end":{"line":28,"column":64}},"type":"if","locations":[{"start":{"line":27,"column":8},"end":{"line":28,"column":64}},{"start":{},"end":{}}],"line":27},"3":{"loc":{"start":{"line":42,"column":8},"end":{"line":43,"column":86}},"type":"if","locations":[{"start":{"line":42,"column":8},"end":{"line":43,"column":86}},{"start":{},"end":{}}],"line":42},"4":{"loc":{"start":{"line":42,"column":11},"end":{"line":42,"column":27}},"type":"binary-expr","locations":[{"start":{"line":42,"column":11},"end":{"line":42,"column":17}},{"start":{"line":42,"column":21},"end":{"line":42,"column":27}}],"line":42},"5":{"loc":{"start":{"line":47,"column":8},"end":{"line":58,"column":13}},"type":"if","locations":[{"start":{"line":47,"column":8},"end":{"line":58,"column":13}},{"start":{},"end":{}}],"line":47},"6":{"loc":{"start":{"line":60,"column":8},"end":{"line":71,"column":13}},"type":"if","locations":[{"start":{"line":60,"column":8},"end":{"line":71,"column":13}},{"start":{},"end":{}}],"line":60},"7":{"loc":{"start":{"line":89,"column":8},"end":{"line":90,"column":64}},"type":"if","locations":[{"start":{"line":89,"column":8},"end":{"line":90,"column":64}},{"start":{},"end":{}}],"line":89},"8":{"loc":{"start":{"line":108,"column":8},"end":{"line":109,"column":64}},"type":"if","locations":[{"start":{"line":108,"column":8},"end":{"line":109,"column":64}},{"start":{},"end":{}}],"line":108},"9":{"loc":{"start":{"line":127,"column":8},"end":{"line":128,"column":64}},"type":"if","locations":[{"start":{"line":127,"column":8},"end":{"line":128,"column":64}},{"start":{},"end":{}}],"line":127}},"s":{"0":4,"1":4,"2":4,"3":4,"4":4,"5":4,"6":4,"7":4,"8":2,"9":2,"10":2,"11":4,"12":2,"13":2,"14":4,"15":3,"16":3,"17":3,"18":1,"19":2,"20":1,"21":1,"22":4,"23":3,"24":3,"25":3,"26":1,"27":2,"28":2,"29":2,"30":2,"31":2,"32":2,"33":2,"34":2,"35":2,"36":2,"37":2,"38":2,"39":2,"40":1,"41":1,"42":4,"43":3,"44":3,"45":3,"46":1,"47":2,"48":2,"49":2,"50":1,"51":1,"52":4,"53":3,"54":3,"55":3,"56":1,"57":2,"58":2,"59":2,"60":1,"61":1,"62":4,"63":3,"64":3,"65":3,"66":1,"67":2,"68":2,"69":2,"70":1,"71":1},"f":{"0":4,"1":3,"2":3,"3":3,"4":3,"5":3},"b":{"0":[2,2],"1":[2,0],"2":[1,2],"3":[1,2],"4":[3,1],"5":[2,0],"6":[2,0],"7":[1,2],"8":[1,2],"9":[1,2]},"_coverageSchema":"1a1c01bbd47fc00a2c39e90264f33305004495a9","hash":"4a012dc2427139f80b90ab08f43c53fddff7c495"}
,"/Users/damian/Web/NodeJS/Learning Campus/wacdonalds-server/controllers/product.controller.js": {"path":"/Users/damian/Web/NodeJS/Learning Campus/wacdonalds-server/controllers/product.controller.js","statementMap":{"0":{"start":{"line":1,"column":30},"end":{"line":1,"column":49}},"1":{"start":{"line":2,"column":17},"end":{"line":2,"column":51}},"2":{"start":{"line":4,"column":0},"end":{"line":12,"column":1}},"3":{"start":{"line":5,"column":4},"end":{"line":11,"column":5}},"4":{"start":{"line":6,"column":25},"end":{"line":6,"column":46}},"5":{"start":{"line":8,"column":8},"end":{"line":8,"column":38}},"6":{"start":{"line":10,"column":8},"end":{"line":10,"column":88}},"7":{"start":{"line":14,"column":0},"end":{"line":27,"column":1}},"8":{"start":{"line":15,"column":4},"end":{"line":26,"column":5}},"9":{"start":{"line":16,"column":19},"end":{"line":16,"column":32}},"10":{"start":{"line":18,"column":8},"end":{"line":19,"column":64}},"11":{"start":{"line":19,"column":12},"end":{"line":19,"column":64}},"12":{"start":{"line":21,"column":24},"end":{"line":21,"column":51}},"13":{"start":{"line":23,"column":8},"end":{"line":23,"column":37}},"14":{"start":{"line":25,"column":8},"end":{"line":25,"column":87}},"15":{"start":{"line":29,"column":0},"end":{"line":52,"column":1}},"16":{"start":{"line":30,"column":4},"end":{"line":51,"column":5}},"17":{"start":{"line":31,"column":55},"end":{"line":31,"column":63}},"18":{"start":{"line":33,"column":8},"end":{"line":34,"column":86}},"19":{"start":{"line":34,"column":12},"end":{"line":34,"column":86}},"20":{"start":{"line":36,"column":22},"end":{"line":36,"column":57}},"21":{"start":{"line":38,"column":24},"end":{"line":44,"column":10}},"22":{"start":{"line":46,"column":29},"end":{"line":46,"column":49}},"23":{"start":{"line":48,"column":8},"end":{"line":48,"column":42}},"24":{"start":{"line":50,"column":8},"end":{"line":50,"column":85}},"25":{"start":{"line":54,"column":0},"end":{"line":85,"column":1}},"26":{"start":{"line":55,"column":4},"end":{"line":84,"column":5}},"27":{"start":{"line":56,"column":23},"end":{"line":56,"column":33}},"28":{"start":{"line":57,"column":55},"end":{"line":57,"column":63}},"29":{"start":{"line":58,"column":22},"end":{"line":58,"column":57}},"30":{"start":{"line":59,"column":24},"end":{"line":59,"column":51}},"31":{"start":{"line":61,"column":8},"end":{"line":62,"column":68}},"32":{"start":{"line":62,"column":12},"end":{"line":62,"column":68}},"33":{"start":{"line":64,"column":8},"end":{"line":65,"column":31}},"34":{"start":{"line":65,"column":12},"end":{"line":65,"column":31}},"35":{"start":{"line":67,"column":8},"end":{"line":68,"column":45}},"36":{"start":{"line":68,"column":12},"end":{"line":68,"column":45}},"37":{"start":{"line":70,"column":8},"end":{"line":71,"column":33}},"38":{"start":{"line":71,"column":12},"end":{"line":71,"column":33}},"39":{"start":{"line":73,"column":8},"end":{"line":74,"column":33}},"40":{"start":{"line":74,"column":12},"end":{"line":74,"column":33}},"41":{"start":{"line":76,"column":8},"end":{"line":77,"column":39}},"42":{"start":{"line":77,"column":12},"end":{"line":77,"column":39}},"43":{"start":{"line":79,"column":28},"end":{"line":79,"column":48}},"44":{"start":{"line":81,"column":8},"end":{"line":81,"column":29}},"45":{"start":{"line":83,"column":8},"end":{"line":83,"column":83}},"46":{"start":{"line":87,"column":0},"end":{"line":101,"column":1}},"47":{"start":{"line":88,"column":4},"end":{"line":100,"column":5}},"48":{"start":{"line":89,"column":23},"end":{"line":89,"column":33}},"49":{"start":{"line":90,"column":24},"end":{"line":90,"column":51}},"50":{"start":{"line":92,"column":8},"end":{"line":93,"column":68}},"51":{"start":{"line":93,"column":12},"end":{"line":93,"column":68}},"52":{"start":{"line":95,"column":8},"end":{"line":95,"column":33}},"53":{"start":{"line":97,"column":8},"end":{"line":97,"column":46}},"54":{"start":{"line":99,"column":8},"end":{"line":99,"column":85}}},"fnMap":{"0":{"name":"(anonymous_0)","decl":{"start":{"line":4,"column":22},"end":{"line":4,"column":23}},"loc":{"start":{"line":4,"column":42},"end":{"line":12,"column":1}},"line":4},"1":{"name":"(anonymous_1)","decl":{"start":{"line":14,"column":21},"end":{"line":14,"column":22}},"loc":{"start":{"line":14,"column":41},"end":{"line":27,"column":1}},"line":14},"2":{"name":"(anonymous_2)","decl":{"start":{"line":29,"column":24},"end":{"line":29,"column":25}},"loc":{"start":{"line":29,"column":44},"end":{"line":52,"column":1}},"line":29},"3":{"name":"(anonymous_3)","decl":{"start":{"line":54,"column":22},"end":{"line":54,"column":23}},"loc":{"start":{"line":54,"column":42},"end":{"line":85,"column":1}},"line":54},"4":{"name":"(anonymous_4)","decl":{"start":{"line":87,"column":24},"end":{"line":87,"column":25}},"loc":{"start":{"line":87,"column":44},"end":{"line":101,"column":1}},"line":87}},"branchMap":{"0":{"loc":{"start":{"line":18,"column":8},"end":{"line":19,"column":64}},"type":"if","locations":[{"start":{"line":18,"column":8},"end":{"line":19,"column":64}},{"start":{},"end":{}}],"line":18},"1":{"loc":{"start":{"line":33,"column":8},"end":{"line":34,"column":86}},"type":"if","locations":[{"start":{"line":33,"column":8},"end":{"line":34,"column":86}},{"start":{},"end":{}}],"line":33},"2":{"loc":{"start":{"line":33,"column":11},"end":{"line":33,"column":55}},"type":"binary-expr","locations":[{"start":{"line":33,"column":11},"end":{"line":33,"column":16}},{"start":{"line":33,"column":20},"end":{"line":33,"column":32}},{"start":{"line":33,"column":36},"end":{"line":33,"column":42}},{"start":{"line":33,"column":46},"end":{"line":33,"column":55}}],"line":33},"3":{"loc":{"start":{"line":36,"column":22},"end":{"line":36,"column":57}},"type":"cond-expr","locations":[{"start":{"line":36,"column":33},"end":{"line":36,"column":50}},{"start":{"line":36,"column":53},"end":{"line":36,"column":57}}],"line":36},"4":{"loc":{"start":{"line":58,"column":22},"end":{"line":58,"column":57}},"type":"cond-expr","locations":[{"start":{"line":58,"column":33},"end":{"line":58,"column":50}},{"start":{"line":58,"column":53},"end":{"line":58,"column":57}}],"line":58},"5":{"loc":{"start":{"line":61,"column":8},"end":{"line":62,"column":68}},"type":"if","locations":[{"start":{"line":61,"column":8},"end":{"line":62,"column":68}},{"start":{},"end":{}}],"line":61},"6":{"loc":{"start":{"line":64,"column":8},"end":{"line":65,"column":31}},"type":"if","locations":[{"start":{"line":64,"column":8},"end":{"line":65,"column":31}},{"start":{},"end":{}}],"line":64},"7":{"loc":{"start":{"line":67,"column":8},"end":{"line":68,"column":45}},"type":"if","locations":[{"start":{"line":67,"column":8},"end":{"line":68,"column":45}},{"start":{},"end":{}}],"line":67},"8":{"loc":{"start":{"line":70,"column":8},"end":{"line":71,"column":33}},"type":"if","locations":[{"start":{"line":70,"column":8},"end":{"line":71,"column":33}},{"start":{},"end":{}}],"line":70},"9":{"loc":{"start":{"line":73,"column":8},"end":{"line":74,"column":33}},"type":"if","locations":[{"start":{"line":73,"column":8},"end":{"line":74,"column":33}},{"start":{},"end":{}}],"line":73},"10":{"loc":{"start":{"line":76,"column":8},"end":{"line":77,"column":39}},"type":"if","locations":[{"start":{"line":76,"column":8},"end":{"line":77,"column":39}},{"start":{},"end":{}}],"line":76},"11":{"loc":{"start":{"line":92,"column":8},"end":{"line":93,"column":68}},"type":"if","locations":[{"start":{"line":92,"column":8},"end":{"line":93,"column":68}},{"start":{},"end":{}}],"line":92}},"s":{"0":4,"1":4,"2":4,"3":2,"4":2,"5":1,"6":1,"7":4,"8":3,"9":3,"10":3,"11":1,"12":2,"13":1,"14":1,"15":4,"16":3,"17":3,"18":3,"19":1,"20":2,"21":2,"22":2,"23":1,"24":1,"25":4,"26":3,"27":3,"28":3,"29":3,"30":3,"31":3,"32":1,"33":2,"34":2,"35":2,"36":2,"37":2,"38":2,"39":2,"40":2,"41":2,"42":2,"43":2,"44":1,"45":1,"46":4,"47":3,"48":3,"49":3,"50":3,"51":1,"52":2,"53":1,"54":1},"f":{"0":2,"1":3,"2":3,"3":3,"4":3},"b":{"0":[1,2],"1":[1,2],"2":[3,2,2,2],"3":[2,0],"4":[3,0],"5":[1,2],"6":[2,0],"7":[2,0],"8":[2,0],"9":[2,0],"10":[2,0],"11":[1,2]},"_coverageSchema":"1a1c01bbd47fc00a2c39e90264f33305004495a9","hash":"0a0852c3d2cce5a70c24112733321b9a3e164c32"}
,"/Users/damian/Web/NodeJS/Learning Campus/wacdonalds-server/controllers/user.controller.js": {"path":"/Users/damian/Web/NodeJS/Learning Campus/wacdonalds-server/controllers/user.controller.js","statementMap":{"0":{"start":{"line":1,"column":14},"end":{"line":1,"column":45}},"1":{"start":{"line":2,"column":15},"end":{"line":2,"column":34}},"2":{"start":{"line":3,"column":12},"end":{"line":3,"column":35}},"3":{"start":{"line":4,"column":26},"end":{"line":4,"column":55}},"4":{"start":{"line":6,"column":0},"end":{"line":44,"column":1}},"5":{"start":{"line":7,"column":4},"end":{"line":43,"column":5}},"6":{"start":{"line":8,"column":42},"end":{"line":8,"column":50}},"7":{"start":{"line":10,"column":8},"end":{"line":11,"column":83}},"8":{"start":{"line":11,"column":12},"end":{"line":11,"column":83}},"9":{"start":{"line":13,"column":23},"end":{"line":13,"column":46}},"10":{"start":{"line":14,"column":8},"end":{"line":20,"column":33}},"11":{"start":{"line":22,"column":8},"end":{"line":23,"column":92}},"12":{"start":{"line":23,"column":12},"end":{"line":23,"column":92}},"13":{"start":{"line":25,"column":29},"end":{"line":25,"column":59}},"14":{"start":{"line":27,"column":8},"end":{"line":28,"column":71}},"15":{"start":{"line":28,"column":12},"end":{"line":28,"column":71}},"16":{"start":{"line":30,"column":31},"end":{"line":30,"column":62}},"17":{"start":{"line":32,"column":24},"end":{"line":36,"column":10}},"18":{"start":{"line":38,"column":8},"end":{"line":38,"column":28}},"19":{"start":{"line":40,"column":8},"end":{"line":40,"column":37}},"20":{"start":{"line":42,"column":8},"end":{"line":42,"column":75}},"21":{"start":{"line":46,"column":0},"end":{"line":73,"column":1}},"22":{"start":{"line":47,"column":4},"end":{"line":72,"column":5}},"23":{"start":{"line":48,"column":36},"end":{"line":48,"column":44}},"24":{"start":{"line":50,"column":8},"end":{"line":51,"column":83}},"25":{"start":{"line":51,"column":12},"end":{"line":51,"column":83}},"26":{"start":{"line":53,"column":33},"end":{"line":53,"column":63}},"27":{"start":{"line":55,"column":12},"end":{"line":56,"column":81}},"28":{"start":{"line":56,"column":16},"end":{"line":56,"column":81}},"29":{"start":{"line":58,"column":36},"end":{"line":58,"column":89}},"30":{"start":{"line":60,"column":12},"end":{"line":61,"column":81}},"31":{"start":{"line":61,"column":16},"end":{"line":61,"column":81}},"32":{"start":{"line":63,"column":26},"end":{"line":67,"column":13}},"33":{"start":{"line":69,"column":12},"end":{"line":69,"column":63}},"34":{"start":{"line":71,"column":8},"end":{"line":71,"column":72}},"35":{"start":{"line":75,"column":0},"end":{"line":83,"column":1}},"36":{"start":{"line":76,"column":4},"end":{"line":82,"column":5}},"37":{"start":{"line":77,"column":22},"end":{"line":77,"column":40}},"38":{"start":{"line":79,"column":8},"end":{"line":79,"column":35}},"39":{"start":{"line":81,"column":8},"end":{"line":81,"column":76}}},"fnMap":{"0":{"name":"(anonymous_0)","decl":{"start":{"line":6,"column":19},"end":{"line":6,"column":20}},"loc":{"start":{"line":6,"column":39},"end":{"line":44,"column":1}},"line":6},"1":{"name":"(anonymous_1)","decl":{"start":{"line":46,"column":16},"end":{"line":46,"column":17}},"loc":{"start":{"line":46,"column":36},"end":{"line":73,"column":1}},"line":46},"2":{"name":"(anonymous_2)","decl":{"start":{"line":75,"column":19},"end":{"line":75,"column":20}},"loc":{"start":{"line":75,"column":39},"end":{"line":83,"column":1}},"line":75}},"branchMap":{"0":{"loc":{"start":{"line":10,"column":8},"end":{"line":11,"column":83}},"type":"if","locations":[{"start":{"line":10,"column":8},"end":{"line":11,"column":83}},{"start":{},"end":{}}],"line":10},"1":{"loc":{"start":{"line":10,"column":11},"end":{"line":10,"column":30}},"type":"binary-expr","locations":[{"start":{"line":10,"column":11},"end":{"line":10,"column":17}},{"start":{"line":10,"column":21},"end":{"line":10,"column":30}}],"line":10},"2":{"loc":{"start":{"line":22,"column":8},"end":{"line":23,"column":92}},"type":"if","locations":[{"start":{"line":22,"column":8},"end":{"line":23,"column":92}},{"start":{},"end":{}}],"line":22},"3":{"loc":{"start":{"line":27,"column":8},"end":{"line":28,"column":71}},"type":"if","locations":[{"start":{"line":27,"column":8},"end":{"line":28,"column":71}},{"start":{},"end":{}}],"line":27},"4":{"loc":{"start":{"line":50,"column":8},"end":{"line":51,"column":83}},"type":"if","locations":[{"start":{"line":50,"column":8},"end":{"line":51,"column":83}},{"start":{},"end":{}}],"line":50},"5":{"loc":{"start":{"line":50,"column":11},"end":{"line":50,"column":30}},"type":"binary-expr","locations":[{"start":{"line":50,"column":11},"end":{"line":50,"column":17}},{"start":{"line":50,"column":21},"end":{"line":50,"column":30}}],"line":50},"6":{"loc":{"start":{"line":55,"column":12},"end":{"line":56,"column":81}},"type":"if","locations":[{"start":{"line":55,"column":12},"end":{"line":56,"column":81}},{"start":{},"end":{}}],"line":55},"7":{"loc":{"start":{"line":60,"column":12},"end":{"line":61,"column":81}},"type":"if","locations":[{"start":{"line":60,"column":12},"end":{"line":61,"column":81}},{"start":{},"end":{}}],"line":60}},"s":{"0":4,"1":4,"2":4,"3":4,"4":4,"5":5,"6":5,"7":5,"8":1,"9":4,"10":4,"11":4,"12":1,"13":3,"14":2,"15":1,"16":1,"17":1,"18":1,"19":1,"20":1,"21":4,"22":5,"23":5,"24":5,"25":1,"26":4,"27":3,"28":1,"29":2,"30":2,"31":1,"32":1,"33":1,"34":1,"35":4,"36":2,"37":2,"38":1,"39":1},"f":{"0":5,"1":5,"2":2},"b":{"0":[1,4],"1":[5,4],"2":[1,3],"3":[1,1],"4":[1,4],"5":[5,4],"6":[1,2],"7":[1,1]},"_coverageSchema":"1a1c01bbd47fc00a2c39e90264f33305004495a9","hash":"ecac303ccf8248642aed55e79e8508a907e7ffdc"}
,"/Users/damian/Web/NodeJS/Learning Campus/wacdonalds-server/middlewares/multer.js": {"path":"/Users/damian/Web/NodeJS/Learning Campus/wacdonalds-server/middlewares/multer.js","statementMap":{"0":{"start":{"line":1,"column":15},"end":{"line":1,"column":32}},"1":{"start":{"line":2,"column":13},"end":{"line":2,"column":28}},"2":{"start":{"line":4,"column":16},"end":{"line":10,"column":2}},"3":{"start":{"line":5,"column":42},"end":{"line":5,"column":68}},"4":{"start":{"line":7,"column":23},"end":{"line":7,"column":76}},"5":{"start":{"line":8,"column":8},"end":{"line":8,"column":64}},"6":{"start":{"line":12,"column":19},"end":{"line":21,"column":1}},"7":{"start":{"line":13,"column":23},"end":{"line":13,"column":46}},"8":{"start":{"line":14,"column":29},"end":{"line":14,"column":91}},"9":{"start":{"line":15,"column":28},"end":{"line":15,"column":58}},"10":{"start":{"line":17,"column":4},"end":{"line":20,"column":63}},"11":{"start":{"line":18,"column":8},"end":{"line":18,"column":28}},"12":{"start":{"line":20,"column":8},"end":{"line":20,"column":63}},"13":{"start":{"line":23,"column":15},"end":{"line":27,"column":2}},"14":{"start":{"line":29,"column":0},"end":{"line":29,"column":23}}},"fnMap":{"0":{"name":"(anonymous_0)","decl":{"start":{"line":5,"column":17},"end":{"line":5,"column":18}},"loc":{"start":{"line":5,"column":42},"end":{"line":5,"column":68}},"line":5},"1":{"name":"(anonymous_1)","decl":{"start":{"line":6,"column":14},"end":{"line":6,"column":15}},"loc":{"start":{"line":6,"column":39},"end":{"line":9,"column":5}},"line":6},"2":{"name":"(anonymous_2)","decl":{"start":{"line":12,"column":19},"end":{"line":12,"column":20}},"loc":{"start":{"line":12,"column":44},"end":{"line":21,"column":1}},"line":12}},"branchMap":{"0":{"loc":{"start":{"line":17,"column":4},"end":{"line":20,"column":63}},"type":"if","locations":[{"start":{"line":17,"column":4},"end":{"line":20,"column":63}},{"start":{"line":20,"column":8},"end":{"line":20,"column":63}}],"line":17},"1":{"loc":{"start":{"line":17,"column":8},"end":{"line":17,"column":43}},"type":"binary-expr","locations":[{"start":{"line":17,"column":8},"end":{"line":17,"column":24}},{"start":{"line":17,"column":28},"end":{"line":17,"column":43}}],"line":17}},"s":{"0":3,"1":3,"2":3,"3":0,"4":0,"5":0,"6":3,"7":0,"8":0,"9":0,"10":0,"11":0,"12":0,"13":3,"14":3},"f":{"0":0,"1":0,"2":0},"b":{"0":[0,0],"1":[0,0]},"_coverageSchema":"1a1c01bbd47fc00a2c39e90264f33305004495a9","hash":"0cfc4de14d027cb69bd50c57cc01f9a7da4feeff"}
,"/Users/damian/Web/NodeJS/Learning Campus/wacdonalds-server/models/menu.model.js": {"path":"/Users/damian/Web/NodeJS/Learning Campus/wacdonalds-server/models/menu.model.js","statementMap":{"0":{"start":{"line":1,"column":17},"end":{"line":1,"column":36}},"1":{"start":{"line":3,"column":19},"end":{"line":8,"column":22}},"2":{"start":{"line":10,"column":0},"end":{"line":10,"column":61}}},"fnMap":{},"branchMap":{},"s":{"0":4,"1":4,"2":4},"f":{},"b":{},"_coverageSchema":"1a1c01bbd47fc00a2c39e90264f33305004495a9","hash":"40bb146e8b35f3ff00686deb39962bdbe3c8f2ec"}
,"/Users/damian/Web/NodeJS/Learning Campus/wacdonalds-server/models/order.model.js": {"path":"/Users/damian/Web/NodeJS/Learning Campus/wacdonalds-server/models/order.model.js","statementMap":{"0":{"start":{"line":1,"column":17},"end":{"line":1,"column":36}},"1":{"start":{"line":3,"column":20},"end":{"line":6,"column":22}},"2":{"start":{"line":8,"column":0},"end":{"line":8,"column":64}}},"fnMap":{},"branchMap":{},"s":{"0":4,"1":4,"2":4},"f":{},"b":{},"_coverageSchema":"1a1c01bbd47fc00a2c39e90264f33305004495a9","hash":"4a9d69f7e3ad7866bf87cdee688e483080fa2c7b"}
,"/Users/damian/Web/NodeJS/Learning Campus/wacdonalds-server/models/order_item.model.js": {"path":"/Users/damian/Web/NodeJS/Learning Campus/wacdonalds-server/models/order_item.model.js","statementMap":{"0":{"start":{"line":1,"column":17},"end":{"line":1,"column":36}},"1":{"start":{"line":3,"column":22},"end":{"line":7,"column":22}},"2":{"start":{"line":9,"column":0},"end":{"line":9,"column":78}}},"fnMap":{},"branchMap":{},"s":{"0":4,"1":4,"2":4},"f":{},"b":{},"_coverageSchema":"1a1c01bbd47fc00a2c39e90264f33305004495a9","hash":"da0c231fac60cd33018fc0ebc1950fc4c30cbef0"}
,"/Users/damian/Web/NodeJS/Learning Campus/wacdonalds-server/models/product.model.js": {"path":"/Users/damian/Web/NodeJS/Learning Campus/wacdonalds-server/models/product.model.js","statementMap":{"0":{"start":{"line":1,"column":17},"end":{"line":1,"column":36}},"1":{"start":{"line":3,"column":22},"end":{"line":9,"column":22}},"2":{"start":{"line":11,"column":0},"end":{"line":11,"column":70}}},"fnMap":{},"branchMap":{},"s":{"0":4,"1":4,"2":4},"f":{},"b":{},"_coverageSchema":"1a1c01bbd47fc00a2c39e90264f33305004495a9","hash":"a52c350c388b3b8f1cca0194efba74d0e03a3baa"}
,"/Users/damian/Web/NodeJS/Learning Campus/wacdonalds-server/models/user.model.js": {"path":"/Users/damian/Web/NodeJS/Learning Campus/wacdonalds-server/models/user.model.js","statementMap":{"0":{"start":{"line":1,"column":17},"end":{"line":1,"column":36}},"1":{"start":{"line":3,"column":18},"end":{"line":7,"column":22}},"2":{"start":{"line":16,"column":0},"end":{"line":16,"column":50}}},"fnMap":{},"branchMap":{},"s":{"0":4,"1":4,"2":4},"f":{},"b":{},"_coverageSchema":"1a1c01bbd47fc00a2c39e90264f33305004495a9","hash":"9a8559f10eb98572654d1370926e26239a3dec19"}
,"/Users/damian/Web/NodeJS/Learning Campus/wacdonalds-server/routes/menu.routes.js": {"path":"/Users/damian/Web/NodeJS/Learning Campus/wacdonalds-server/routes/menu.routes.js","statementMap":{"0":{"start":{"line":1,"column":16},"end":{"line":1,"column":34}},"1":{"start":{"line":2,"column":13},"end":{"line":2,"column":43}},"2":{"start":{"line":3,"column":64},"end":{"line":3,"column":105}},"3":{"start":{"line":4,"column":15},"end":{"line":4,"column":31}},"4":{"start":{"line":26,"column":0},"end":{"line":26,"column":39}},"5":{"start":{"line":53,"column":0},"end":{"line":53,"column":41}},"6":{"start":{"line":88,"column":0},"end":{"line":88,"column":43}},"7":{"start":{"line":123,"column":0},"end":{"line":123,"column":43}},"8":{"start":{"line":150,"column":0},"end":{"line":150,"column":48}},"9":{"start":{"line":152,"column":0},"end":{"line":152,"column":23}}},"fnMap":{},"branchMap":{},"s":{"0":4,"1":4,"2":4,"3":4,"4":4,"5":4,"6":4,"7":4,"8":4,"9":4},"f":{},"b":{},"_coverageSchema":"1a1c01bbd47fc00a2c39e90264f33305004495a9","hash":"5529c95336740ade49d3a95bb5aeace0d9ccf851"}
,"/Users/damian/Web/NodeJS/Learning Campus/wacdonalds-server/routes/order.routes.js": {"path":"/Users/damian/Web/NodeJS/Learning Campus/wacdonalds-server/routes/order.routes.js","statementMap":{"0":{"start":{"line":1,"column":16},"end":{"line":1,"column":34}},"1":{"start":{"line":2,"column":13},"end":{"line":2,"column":43}},"2":{"start":{"line":3,"column":86},"end":{"line":3,"column":128}},"3":{"start":{"line":4,"column":15},"end":{"line":4,"column":31}},"4":{"start":{"line":27,"column":0},"end":{"line":27,"column":53}},"5":{"start":{"line":54,"column":0},"end":{"line":54,"column":43}},"6":{"start":{"line":81,"column":0},"end":{"line":81,"column":43}},"7":{"start":{"line":108,"column":0},"end":{"line":108,"column":56}},"8":{"start":{"line":135,"column":0},"end":{"line":135,"column":55}},"9":{"start":{"line":162,"column":0},"end":{"line":162,"column":58}},"10":{"start":{"line":164,"column":0},"end":{"line":164,"column":23}}},"fnMap":{},"branchMap":{},"s":{"0":4,"1":4,"2":4,"3":4,"4":4,"5":4,"6":4,"7":4,"8":4,"9":4,"10":4},"f":{},"b":{},"_coverageSchema":"1a1c01bbd47fc00a2c39e90264f33305004495a9","hash":"1ffa697411f6a35f4fc6f5c769f30850227f1e54"}
,"/Users/damian/Web/NodeJS/Learning Campus/wacdonalds-server/routes/product.routes.js": {"path":"/Users/damian/Web/NodeJS/Learning Campus/wacdonalds-server/routes/product.routes.js","statementMap":{"0":{"start":{"line":1,"column":16},"end":{"line":1,"column":34}},"1":{"start":{"line":2,"column":13},"end":{"line":2,"column":43}},"2":{"start":{"line":3,"column":79},"end":{"line":3,"column":123}},"3":{"start":{"line":4,"column":15},"end":{"line":4,"column":31}},"4":{"start":{"line":5,"column":15},"end":{"line":5,"column":47}},"5":{"start":{"line":26,"column":0},"end":{"line":26,"column":51}},"6":{"start":{"line":53,"column":0},"end":{"line":53,"column":53}},"7":{"start":{"line":91,"column":0},"end":{"line":91,"column":70}},"8":{"start":{"line":128,"column":0},"end":{"line":128,"column":70}},"9":{"start":{"line":155,"column":0},"end":{"line":155,"column":51}},"10":{"start":{"line":157,"column":0},"end":{"line":157,"column":23}}},"fnMap":{},"branchMap":{},"s":{"0":4,"1":4,"2":4,"3":4,"4":4,"5":4,"6":4,"7":4,"8":4,"9":4,"10":4},"f":{},"b":{},"_coverageSchema":"1a1c01bbd47fc00a2c39e90264f33305004495a9","hash":"5a6f88bdccde85fa517be2f7cb9b3a539cdb1751"}
,"/Users/damian/Web/NodeJS/Learning Campus/wacdonalds-server/routes/user.routes.js": {"path":"/Users/damian/Web/NodeJS/Learning Campus/wacdonalds-server/routes/user.routes.js","statementMap":{"0":{"start":{"line":1,"column":16},"end":{"line":1,"column":34}},"1":{"start":{"line":2,"column":13},"end":{"line":2,"column":43}},"2":{"start":{"line":3,"column":38},"end":{"line":3,"column":79}},"3":{"start":{"line":4,"column":15},"end":{"line":4,"column":31}},"4":{"start":{"line":41,"column":0},"end":{"line":41,"column":34}},"5":{"start":{"line":71,"column":0},"end":{"line":71,"column":28}},"6":{"start":{"line":85,"column":0},"end":{"line":85,"column":40}},"7":{"start":{"line":87,"column":0},"end":{"line":87,"column":23}}},"fnMap":{},"branchMap":{},"s":{"0":4,"1":4,"2":4,"3":4,"4":4,"5":4,"6":4,"7":4},"f":{},"b":{},"_coverageSchema":"1a1c01bbd47fc00a2c39e90264f33305004495a9","hash":"f5decdcc9950cb7db132ce894cb79bcc4ca5b350"}
}
