TN:
SF:app.js
FNF:0
FNH:0
DA:1,4
DA:2,4
DA:3,4
DA:4,4
DA:5,4
DA:6,4
DA:8,4
DA:9,4
DA:10,4
DA:14,4
DA:15,4
DA:17,4
DA:18,4
DA:19,4
DA:20,4
DA:22,4
DA:24,4
LF:17
LH:17
BRF:0
BRH:0
end_of_record
TN:
SF:swagger.js
FN:36,(anonymous_0)
FNF:1
FNH:1
FNDA:4,(anonymous_0)
DA:1,4
DA:2,4
DA:4,4
DA:5,4
DA:34,4
DA:36,4
DA:37,4
DA:40,4
LF:8
LH:8
BRF:0
BRH:0
end_of_record
TN:
SF:controllers/menu.controller.js
FN:4,(anonymous_0)
FN:14,(anonymous_1)
FN:29,(anonymous_2)
FN:50,(anonymous_3)
FN:76,(anonymous_4)
FNF:5
FNH:5
FNDA:2,(anonymous_0)
FNDA:3,(anonymous_1)
FNDA:3,(anonymous_2)
FNDA:3,(anonymous_3)
FNDA:3,(anonymous_4)
DA:1,4
DA:2,4
DA:4,4
DA:5,2
DA:6,2
DA:8,1
DA:10,1
DA:14,4
DA:15,3
DA:16,3
DA:18,3
DA:19,1
DA:21,2
DA:23,1
DA:25,1
DA:29,4
DA:30,3
DA:31,3
DA:33,3
DA:34,1
DA:36,2
DA:42,2
DA:44,1
DA:46,1
DA:50,4
DA:51,3
DA:52,3
DA:53,3
DA:54,3
DA:56,3
DA:57,1
DA:59,2
DA:60,2
DA:62,2
DA:63,2
DA:65,2
DA:66,2
DA:68,2
DA:70,1
DA:72,1
DA:76,4
DA:77,3
DA:78,3
DA:79,3
DA:81,3
DA:82,1
DA:84,2
DA:86,1
DA:88,1
LF:49
LH:49
BRDA:18,0,0,1
BRDA:18,0,1,2
BRDA:33,1,0,1
BRDA:33,1,1,2
BRDA:33,2,0,3
BRDA:33,2,1,2
BRDA:33,2,2,2
BRDA:56,3,0,1
BRDA:56,3,1,2
BRDA:59,4,0,2
BRDA:59,4,1,0
BRDA:62,5,0,2
BRDA:62,5,1,0
BRDA:65,6,0,2
BRDA:65,6,1,0
BRDA:81,7,0,1
BRDA:81,7,1,2
BRF:17
BRH:14
end_of_record
TN:
SF:controllers/order.controller.js
FN:5,(anonymous_0)
FN:23,(anonymous_1)
FN:38,(anonymous_2)
FN:85,(anonymous_3)
FN:104,(anonymous_4)
FN:123,(anonymous_5)
FNF:6
FNH:6
FNDA:4,(anonymous_0)
FNDA:3,(anonymous_1)
FNDA:3,(anonymous_2)
FNDA:3,(anonymous_3)
FNDA:3,(anonymous_4)
FNDA:3,(anonymous_5)
DA:1,4
DA:2,4
DA:3,4
DA:5,4
DA:6,4
DA:7,4
DA:8,4
DA:10,4
DA:11,2
DA:12,2
DA:13,2
DA:15,4
DA:17,2
DA:19,2
DA:23,4
DA:24,3
DA:25,3
DA:27,3
DA:28,1
DA:30,2
DA:32,1
DA:34,1
DA:38,4
DA:39,3
DA:40,3
DA:42,3
DA:43,1
DA:45,2
DA:47,2
DA:48,2
DA:49,2
DA:55,2
DA:57,2
DA:60,2
DA:61,2
DA:62,2
DA:68,2
DA:70,2
DA:73,2
DA:77,2
DA:79,1
DA:81,1
DA:85,4
DA:86,3
DA:87,3
DA:89,3
DA:90,1
DA:92,2
DA:94,2
DA:96,2
DA:98,1
DA:100,1
DA:104,4
DA:105,3
DA:106,3
DA:108,3
DA:109,1
DA:111,2
DA:113,2
DA:115,2
DA:117,1
DA:119,1
DA:123,4
DA:124,3
DA:125,3
DA:127,3
DA:128,1
DA:130,2
DA:132,2
DA:134,2
DA:136,1
DA:138,1
LF:72
LH:72
BRDA:10,0,0,2
BRDA:10,0,1,2
BRDA:12,1,0,2
BRDA:12,1,1,0
BRDA:27,2,0,1
BRDA:27,2,1,2
BRDA:42,3,0,1
BRDA:42,3,1,2
BRDA:42,4,0,3
BRDA:42,4,1,1
BRDA:47,5,0,2
BRDA:47,5,1,0
BRDA:60,6,0,2
BRDA:60,6,1,0
BRDA:89,7,0,1
BRDA:89,7,1,2
BRDA:108,8,0,1
BRDA:108,8,1,2
BRDA:127,9,0,1
BRDA:127,9,1,2
BRF:20
BRH:17
end_of_record
TN:
SF:controllers/product.controller.js
FN:4,(anonymous_0)
FN:14,(anonymous_1)
FN:29,(anonymous_2)
FN:54,(anonymous_3)
FN:87,(anonymous_4)
FNF:5
FNH:5
FNDA:2,(anonymous_0)
FNDA:3,(anonymous_1)
FNDA:3,(anonymous_2)
FNDA:3,(anonymous_3)
FNDA:3,(anonymous_4)
DA:1,4
DA:2,4
DA:4,4
DA:5,2
DA:6,2
DA:8,1
DA:10,1
DA:14,4
DA:15,3
DA:16,3
DA:18,3
DA:19,1
DA:21,2
DA:23,1
DA:25,1
DA:29,4
DA:30,3
DA:31,3
DA:33,3
DA:34,1
DA:36,2
DA:38,2
DA:46,2
DA:48,1
DA:50,1
DA:54,4
DA:55,3
DA:56,3
DA:57,3
DA:58,3
DA:59,3
DA:61,3
DA:62,1
DA:64,2
DA:65,2
DA:67,2
DA:68,2
DA:70,2
DA:71,2
DA:73,2
DA:74,2
DA:76,2
DA:77,2
DA:79,2
DA:81,1
DA:83,1
DA:87,4
DA:88,3
DA:89,3
DA:90,3
DA:92,3
DA:93,1
DA:95,2
DA:97,1
DA:99,1
LF:55
LH:55
BRDA:18,0,0,1
BRDA:18,0,1,2
BRDA:33,1,0,1
BRDA:33,1,1,2
BRDA:33,2,0,3
BRDA:33,2,1,2
BRDA:33,2,2,2
BRDA:33,2,3,2
BRDA:36,3,0,2
BRDA:36,3,1,0
BRDA:58,4,0,3
BRDA:58,4,1,0
BRDA:61,5,0,1
BRDA:61,5,1,2
BRDA:64,6,0,2
BRDA:64,6,1,0
BRDA:67,7,0,2
BRDA:67,7,1,0
BRDA:70,8,0,2
BRDA:70,8,1,0
BRDA:73,9,0,2
BRDA:73,9,1,0
BRDA:76,10,0,2
BRDA:76,10,1,0
BRDA:92,11,0,1
BRDA:92,11,1,2
BRF:26
BRH:19
end_of_record
TN:
SF:controllers/user.controller.js
FN:6,(anonymous_0)
FN:46,(anonymous_1)
FN:75,(anonymous_2)
FNF:3
FNH:3
FNDA:5,(anonymous_0)
FNDA:5,(anonymous_1)
FNDA:2,(anonymous_2)
DA:1,4
DA:2,4
DA:3,4
DA:4,4
DA:6,4
DA:7,5
DA:8,5
DA:10,5
DA:11,1
DA:13,4
DA:14,4
DA:22,4
DA:23,1
DA:25,3
DA:27,2
DA:28,1
DA:30,1
DA:32,1
DA:38,1
DA:40,1
DA:42,1
DA:46,4
DA:47,5
DA:48,5
DA:50,5
DA:51,1
DA:53,4
DA:55,3
DA:56,1
DA:58,2
DA:60,2
DA:61,1
DA:63,1
DA:69,1
DA:71,1
DA:75,4
DA:76,2
DA:77,2
DA:79,1
DA:81,1
LF:40
LH:40
BRDA:10,0,0,1
BRDA:10,0,1,4
BRDA:10,1,0,5
BRDA:10,1,1,4
BRDA:22,2,0,1
BRDA:22,2,1,3
BRDA:27,3,0,1
BRDA:27,3,1,1
BRDA:50,4,0,1
BRDA:50,4,1,4
BRDA:50,5,0,5
BRDA:50,5,1,4
BRDA:55,6,0,1
BRDA:55,6,1,2
BRDA:60,7,0,1
BRDA:60,7,1,1
BRF:16
BRH:16
end_of_record
TN:
SF:middlewares/multer.js
FN:5,(anonymous_0)
FN:6,(anonymous_1)
FN:12,(anonymous_2)
FNF:3
FNH:0
FNDA:0,(anonymous_0)
FNDA:0,(anonymous_1)
FNDA:0,(anonymous_2)
DA:1,3
DA:2,3
DA:4,3
DA:5,0
DA:7,0
DA:8,0
DA:12,3
DA:13,0
DA:14,0
DA:15,0
DA:17,0
DA:18,0
DA:20,0
DA:23,3
DA:29,3
LF:15
LH:6
BRDA:17,0,0,0
BRDA:17,0,1,0
BRDA:17,1,0,0
BRDA:17,1,1,0
BRF:4
BRH:0
end_of_record
TN:
SF:models/menu.model.js
FNF:0
FNH:0
DA:1,4
DA:3,4
DA:10,4
LF:3
LH:3
BRF:0
BRH:0
end_of_record
TN:
SF:models/order.model.js
FNF:0
FNH:0
DA:1,4
DA:3,4
DA:8,4
LF:3
LH:3
BRF:0
BRH:0
end_of_record
TN:
SF:models/order_item.model.js
FNF:0
FNH:0
DA:1,4
DA:3,4
DA:9,4
LF:3
LH:3
BRF:0
BRH:0
end_of_record
TN:
SF:models/product.model.js
FNF:0
FNH:0
DA:1,4
DA:3,4
DA:11,4
LF:3
LH:3
BRF:0
BRH:0
end_of_record
TN:
SF:models/user.model.js
FNF:0
FNH:0
DA:1,4
DA:3,4
DA:16,4
LF:3
LH:3
BRF:0
BRH:0
end_of_record
TN:
SF:routes/menu.routes.js
FNF:0
FNH:0
DA:1,4
DA:2,4
DA:3,4
DA:4,4
DA:26,4
DA:53,4
DA:88,4
DA:123,4
DA:150,4
DA:152,4
LF:10
LH:10
BRF:0
BRH:0
end_of_record
TN:
SF:routes/order.routes.js
FNF:0
FNH:0
DA:1,4
DA:2,4
DA:3,4
DA:4,4
DA:27,4
DA:54,4
DA:81,4
DA:108,4
DA:135,4
DA:162,4
DA:164,4
LF:11
LH:11
BRF:0
BRH:0
end_of_record
TN:
SF:routes/product.routes.js
FNF:0
FNH:0
DA:1,4
DA:2,4
DA:3,4
DA:4,4
DA:5,4
DA:26,4
DA:53,4
DA:91,4
DA:128,4
DA:155,4
DA:157,4
LF:11
LH:11
BRF:0
BRH:0
end_of_record
TN:
SF:routes/user.routes.js
FNF:0
FNH:0
DA:1,4
DA:2,4
DA:3,4
DA:4,4
DA:41,4
DA:71,4
DA:85,4
DA:87,4
LF:8
LH:8
BRF:0
BRH:0
end_of_record
