TN:
SF:app.js
FNF:0
FNH:0
DA:1,1
DA:2,1
DA:3,1
DA:4,1
DA:5,1
DA:6,1
DA:8,1
DA:9,1
DA:13,1
DA:14,1
DA:16,1
DA:17,1
DA:18,1
DA:19,1
DA:21,1
DA:23,1
LF:16
LH:16
BRF:0
BRH:0
end_of_record
TN:
SF:swagger.js
FN:21,(anonymous_0)
FNF:1
FNH:1
FNDA:1,(anonymous_0)
DA:1,1
DA:2,1
DA:4,1
DA:5,1
DA:19,1
DA:21,1
DA:22,1
DA:25,1
LF:8
LH:8
BRF:0
BRH:0
end_of_record
TN:
SF:controllers/menu.controller.js
FN:4,(anonymous_0)
FN:14,(anonymous_1)
FN:29,(anonymous_2)
FN:50,(anonymous_3)
FN:76,(anonymous_4)
FNF:5
FNH:5
FNDA:2,(anonymous_0)
FNDA:3,(anonymous_1)
FNDA:3,(anonymous_2)
FNDA:3,(anonymous_3)
FNDA:3,(anonymous_4)
DA:1,1
DA:2,1
DA:4,1
DA:5,2
DA:6,2
DA:8,1
DA:10,1
DA:14,1
DA:15,3
DA:16,3
DA:18,3
DA:19,1
DA:21,2
DA:23,1
DA:25,1
DA:29,1
DA:30,3
DA:31,3
DA:33,3
DA:34,1
DA:36,2
DA:42,2
DA:44,1
DA:46,1
DA:50,1
DA:51,3
DA:52,3
DA:53,3
DA:54,3
DA:56,3
DA:57,1
DA:59,2
DA:60,2
DA:62,2
DA:63,2
DA:65,2
DA:66,2
DA:68,2
DA:70,1
DA:72,1
DA:76,1
DA:77,3
DA:78,3
DA:79,3
DA:81,3
DA:82,1
DA:84,2
DA:86,1
DA:88,1
LF:49
LH:49
BRDA:18,0,0,1
BRDA:18,0,1,2
BRDA:33,1,0,1
BRDA:33,1,1,2
BRDA:33,2,0,3
BRDA:33,2,1,2
BRDA:33,2,2,2
BRDA:56,3,0,1
BRDA:56,3,1,2
BRDA:59,4,0,2
BRDA:59,4,1,0
BRDA:62,5,0,2
BRDA:62,5,1,0
BRDA:65,6,0,2
BRDA:65,6,1,0
BRDA:81,7,0,1
BRDA:81,7,1,2
BRF:17
BRH:14
end_of_record
TN:
SF:controllers/order.controller.js
FN:4,(anonymous_0)
FN:22,(anonymous_1)
FN:37,(anonymous_2)
FN:56,(anonymous_3)
FN:75,(anonymous_4)
FN:94,(anonymous_5)
FNF:6
FNH:0
FNDA:0,(anonymous_0)
FNDA:0,(anonymous_1)
FNDA:0,(anonymous_2)
FNDA:0,(anonymous_3)
FNDA:0,(anonymous_4)
FNDA:0,(anonymous_5)
DA:1,1
DA:2,1
DA:4,1
DA:5,0
DA:6,0
DA:7,0
DA:9,0
DA:10,0
DA:11,0
DA:12,0
DA:14,0
DA:16,0
DA:18,0
DA:22,1
DA:23,0
DA:24,0
DA:26,0
DA:27,0
DA:29,0
DA:31,0
DA:33,0
DA:37,1
DA:38,0
DA:39,0
DA:41,0
DA:42,0
DA:44,0
DA:48,0
DA:50,0
DA:52,0
DA:56,1
DA:57,0
DA:58,0
DA:60,0
DA:61,0
DA:63,0
DA:65,0
DA:67,0
DA:69,0
DA:71,0
DA:75,1
DA:76,0
DA:77,0
DA:79,0
DA:80,0
DA:82,0
DA:84,0
DA:86,0
DA:88,0
DA:90,0
DA:94,1
DA:95,0
DA:96,0
DA:98,0
DA:99,0
DA:101,0
DA:103,0
DA:105,0
DA:107,0
DA:109,0
LF:60
LH:8
BRDA:9,0,0,0
BRDA:9,0,1,0
BRDA:11,1,0,0
BRDA:11,1,1,0
BRDA:26,2,0,0
BRDA:26,2,1,0
BRDA:41,3,0,0
BRDA:41,3,1,0
BRDA:60,4,0,0
BRDA:60,4,1,0
BRDA:79,5,0,0
BRDA:79,5,1,0
BRDA:98,6,0,0
BRDA:98,6,1,0
BRF:14
BRH:0
end_of_record
TN:
SF:controllers/product.controller.js
FN:4,(anonymous_0)
FN:14,(anonymous_1)
FN:29,(anonymous_2)
FN:54,(anonymous_3)
FN:87,(anonymous_4)
FNF:5
FNH:0
FNDA:0,(anonymous_0)
FNDA:0,(anonymous_1)
FNDA:0,(anonymous_2)
FNDA:0,(anonymous_3)
FNDA:0,(anonymous_4)
DA:1,1
DA:2,1
DA:4,1
DA:5,0
DA:6,0
DA:8,0
DA:10,0
DA:14,1
DA:15,0
DA:16,0
DA:18,0
DA:19,0
DA:21,0
DA:23,0
DA:25,0
DA:29,1
DA:30,0
DA:31,0
DA:33,0
DA:34,0
DA:36,0
DA:38,0
DA:46,0
DA:48,0
DA:50,0
DA:54,1
DA:55,0
DA:56,0
DA:57,0
DA:58,0
DA:59,0
DA:61,0
DA:62,0
DA:64,0
DA:65,0
DA:67,0
DA:68,0
DA:70,0
DA:71,0
DA:73,0
DA:74,0
DA:76,0
DA:77,0
DA:79,0
DA:81,0
DA:83,0
DA:87,1
DA:88,0
DA:89,0
DA:90,0
DA:92,0
DA:93,0
DA:95,0
DA:97,0
DA:99,0
LF:55
LH:7
BRDA:18,0,0,0
BRDA:18,0,1,0
BRDA:33,1,0,0
BRDA:33,1,1,0
BRDA:33,2,0,0
BRDA:33,2,1,0
BRDA:33,2,2,0
BRDA:33,2,3,0
BRDA:36,3,0,0
BRDA:36,3,1,0
BRDA:58,4,0,0
BRDA:58,4,1,0
BRDA:61,5,0,0
BRDA:61,5,1,0
BRDA:64,6,0,0
BRDA:64,6,1,0
BRDA:67,7,0,0
BRDA:67,7,1,0
BRDA:70,8,0,0
BRDA:70,8,1,0
BRDA:73,9,0,0
BRDA:73,9,1,0
BRDA:76,10,0,0
BRDA:76,10,1,0
BRDA:92,11,0,0
BRDA:92,11,1,0
BRF:26
BRH:0
end_of_record
TN:
SF:controllers/user.controller.js
FN:6,(anonymous_0)
FN:46,(anonymous_1)
FN:75,(anonymous_2)
FNF:3
FNH:0
FNDA:0,(anonymous_0)
FNDA:0,(anonymous_1)
FNDA:0,(anonymous_2)
DA:1,1
DA:2,1
DA:3,1
DA:4,1
DA:6,1
DA:7,0
DA:8,0
DA:10,0
DA:11,0
DA:13,0
DA:14,0
DA:22,0
DA:23,0
DA:25,0
DA:27,0
DA:28,0
DA:30,0
DA:32,0
DA:38,0
DA:40,0
DA:42,0
DA:46,1
DA:47,0
DA:48,0
DA:50,0
DA:51,0
DA:53,0
DA:55,0
DA:56,0
DA:58,0
DA:60,0
DA:61,0
DA:63,0
DA:69,0
DA:71,0
DA:75,1
DA:76,0
DA:77,0
DA:79,0
DA:81,0
LF:40
LH:7
BRDA:10,0,0,0
BRDA:10,0,1,0
BRDA:10,1,0,0
BRDA:10,1,1,0
BRDA:22,2,0,0
BRDA:22,2,1,0
BRDA:27,3,0,0
BRDA:27,3,1,0
BRDA:50,4,0,0
BRDA:50,4,1,0
BRDA:50,5,0,0
BRDA:50,5,1,0
BRDA:55,6,0,0
BRDA:55,6,1,0
BRDA:60,7,0,0
BRDA:60,7,1,0
BRF:16
BRH:0
end_of_record
TN:
SF:middlewares/multer.js
FN:5,(anonymous_0)
FN:6,(anonymous_1)
FN:12,(anonymous_2)
FNF:3
FNH:0
FNDA:0,(anonymous_0)
FNDA:0,(anonymous_1)
FNDA:0,(anonymous_2)
DA:1,1
DA:2,1
DA:4,1
DA:5,0
DA:7,0
DA:8,0
DA:12,1
DA:13,0
DA:14,0
DA:15,0
DA:17,0
DA:18,0
DA:20,0
DA:23,1
DA:29,1
LF:15
LH:6
BRDA:17,0,0,0
BRDA:17,0,1,0
BRDA:17,1,0,0
BRDA:17,1,1,0
BRF:4
BRH:0
end_of_record
TN:
SF:models/menu.model.js
FNF:0
FNH:0
DA:1,1
DA:3,1
DA:9,1
LF:3
LH:3
BRF:0
BRH:0
end_of_record
TN:
SF:models/order.model.js
FNF:0
FNH:0
DA:1,1
DA:3,1
DA:8,1
LF:3
LH:3
BRF:0
BRH:0
end_of_record
TN:
SF:models/product.model.js
FNF:0
FNH:0
DA:1,1
DA:3,1
DA:11,1
LF:3
LH:3
BRF:0
BRH:0
end_of_record
TN:
SF:models/user.model.js
FNF:0
FNH:0
DA:1,1
DA:3,1
DA:16,1
LF:3
LH:3
BRF:0
BRH:0
end_of_record
TN:
SF:routes/menu.routes.js
FNF:0
FNH:0
DA:1,1
DA:2,1
DA:3,1
DA:4,1
DA:26,1
DA:53,1
DA:88,1
DA:123,1
DA:150,1
DA:152,1
LF:10
LH:10
BRF:0
BRH:0
end_of_record
TN:
SF:routes/order.routes.js
FNF:0
FNH:0
DA:1,1
DA:2,1
DA:3,1
DA:4,1
DA:27,1
DA:54,1
DA:81,1
DA:108,1
DA:135,1
DA:162,1
DA:164,1
LF:11
LH:11
BRF:0
BRH:0
end_of_record
TN:
SF:routes/product.routes.js
FNF:0
FNH:0
DA:1,1
DA:2,1
DA:3,1
DA:4,1
DA:5,1
DA:7,1
DA:28,1
DA:55,1
DA:93,1
DA:130,1
DA:157,1
DA:159,1
LF:12
LH:12
BRF:0
BRH:0
end_of_record
TN:
SF:routes/user.routes.js
FNF:0
FNH:0
DA:1,1
DA:2,1
DA:3,1
DA:4,1
DA:41,1
DA:71,1
DA:85,1
DA:87,1
LF:8
LH:8
BRF:0
BRH:0
end_of_record
